{"C:\\Users\\jainr\\OneDrive\\Desktop\\Nameste React\\src\\components\\Contact.js": {"path":"C:\\Users\\jainr\\OneDrive\\Desktop\\Nameste React\\src\\components\\Contact.js","statementMap":{"0":{"start":{"line":2,"column":16},"end":{"line":14,"column":3}},"1":{"start":{"line":3,"column":4},"end":{"line":13,"column":6}}},"fnMap":{"0":{"name":"(anonymous_0)","decl":{"start":{"line":2,"column":16},"end":{"line":2,"column":17}},"loc":{"start":{"line":2,"column":22},"end":{"line":14,"column":3}},"line":2}},"branchMap":{},"s":{"0":1,"1":3},"f":{"0":3},"b":{},"_coverageSchema":"1a1c01bbd47fc00a2c39e90264f33305004495a9","hash":"886a3a58d87e5fbcb03f90286ec3769a3b0d527b"}
}
