{"C:\\Users\\jainr\\OneDrive\\Desktop\\Nameste React\\src\\app\\body.js": {"path":"C:\\Users\\jainr\\OneDrive\\Desktop\\Nameste React\\src\\app\\body.js","statementMap":{"0":{"start":{"line":8,"column":20},"end":{"line":117,"column":1}},"1":{"start":{"line":9,"column":36},"end":{"line":9,"column":48}},"2":{"start":{"line":10,"column":36},"end":{"line":10,"column":48}},"3":{"start":{"line":11,"column":40},"end":{"line":11,"column":52}},"4":{"start":{"line":12,"column":2},"end":{"line":12,"column":27}},"5":{"start":{"line":14,"column":23},"end":{"line":14,"column":40}},"6":{"start":{"line":16,"column":2},"end":{"line":18,"column":9}},"7":{"start":{"line":17,"column":4},"end":{"line":17,"column":16}},"8":{"start":{"line":20,"column":31},"end":{"line":20,"column":63}},"9":{"start":{"line":22,"column":20},"end":{"line":60,"column":3}},"10":{"start":{"line":23,"column":17},"end":{"line":25,"column":5}},"11":{"start":{"line":26,"column":17},"end":{"line":26,"column":34}},"12":{"start":{"line":29,"column":6},"end":{"line":30,"column":27}},"13":{"start":{"line":31,"column":4},"end":{"line":31,"column":30}},"14":{"start":{"line":32,"column":4},"end":{"line":32,"column":30}},"15":{"start":{"line":62,"column":2},"end":{"line":64,"column":3}},"16":{"start":{"line":63,"column":4},"end":{"line":63,"column":65}},"17":{"start":{"line":66,"column":2},"end":{"line":116,"column":4}},"18":{"start":{"line":77,"column":27},"end":{"line":77,"column":57}},"19":{"start":{"line":82,"column":33},"end":{"line":84,"column":13}},"20":{"start":{"line":83,"column":14},"end":{"line":83,"column":63}},"21":{"start":{"line":85,"column":12},"end":{"line":85,"column":39}},"22":{"start":{"line":93,"column":33},"end":{"line":95,"column":13}},"23":{"start":{"line":94,"column":23},"end":{"line":94,"column":51}},"24":{"start":{"line":96,"column":12},"end":{"line":96,"column":39}},"25":{"start":{"line":106,"column":10},"end":{"line":112,"column":17}}},"fnMap":{"0":{"name":"(anonymous_0)","decl":{"start":{"line":8,"column":20},"end":{"line":8,"column":21}},"loc":{"start":{"line":8,"column":26},"end":{"line":117,"column":1}},"line":8},"1":{"name":"(anonymous_1)","decl":{"start":{"line":16,"column":12},"end":{"line":16,"column":13}},"loc":{"start":{"line":16,"column":18},"end":{"line":18,"column":3}},"line":16},"2":{"name":"(anonymous_2)","decl":{"start":{"line":22,"column":20},"end":{"line":22,"column":21}},"loc":{"start":{"line":22,"column":32},"end":{"line":60,"column":3}},"line":22},"3":{"name":"(anonymous_3)","decl":{"start":{"line":77,"column":20},"end":{"line":77,"column":21}},"loc":{"start":{"line":77,"column":27},"end":{"line":77,"column":57}},"line":77},"4":{"name":"(anonymous_4)","decl":{"start":{"line":81,"column":19},"end":{"line":81,"column":20}},"loc":{"start":{"line":81,"column":25},"end":{"line":86,"column":11}},"line":81},"5":{"name":"(anonymous_5)","decl":{"start":{"line":82,"column":50},"end":{"line":82,"column":51}},"loc":{"start":{"line":83,"column":14},"end":{"line":83,"column":63}},"line":83},"6":{"name":"(anonymous_6)","decl":{"start":{"line":92,"column":19},"end":{"line":92,"column":20}},"loc":{"start":{"line":92,"column":25},"end":{"line":97,"column":11}},"line":92},"7":{"name":"(anonymous_7)","decl":{"start":{"line":94,"column":14},"end":{"line":94,"column":15}},"loc":{"start":{"line":94,"column":23},"end":{"line":94,"column":51}},"line":94},"8":{"name":"(anonymous_8)","decl":{"start":{"line":104,"column":23},"end":{"line":104,"column":24}},"loc":{"start":{"line":106,"column":10},"end":{"line":112,"column":17}},"line":106}},"branchMap":{"0":{"loc":{"start":{"line":29,"column":6},"end":{"line":30,"column":27}},"type":"binary-expr","locations":[{"start":{"line":29,"column":6},"end":{"line":30,"column":21}},{"start":{"line":30,"column":25},"end":{"line":30,"column":27}}],"line":29},"1":{"loc":{"start":{"line":62,"column":2},"end":{"line":64,"column":3}},"type":"if","locations":[{"start":{"line":62,"column":2},"end":{"line":64,"column":3}},{"start":{},"end":{}}],"line":62},"2":{"loc":{"start":{"line":66,"column":9},"end":{"line":116,"column":3}},"type":"cond-expr","locations":[{"start":{"line":67,"column":4},"end":{"line":67,"column":14}},{"start":{"line":69,"column":4},"end":{"line":115,"column":10}}],"line":66},"3":{"loc":{"start":{"line":107,"column":13},"end":{"line":111,"column":13}},"type":"cond-expr","locations":[{"start":{"line":108,"column":14},"end":{"line":108,"column":51}},{"start":{"line":110,"column":14},"end":{"line":110,"column":58}}],"line":107}},"s":{"0":1,"1":4,"2":4,"3":4,"4":4,"5":4,"6":4,"7":1,"8":4,"9":4,"10":1,"11":1,"12":1,"13":1,"14":1,"15":4,"16":0,"17":4,"18":1,"19":1,"20":8,"21":1,"22":0,"23":0,"24":0,"25":17},"f":{"0":4,"1":1,"2":1,"3":1,"4":1,"5":8,"6":0,"7":0,"8":17},"b":{"0":[1,0],"1":[0,4],"2":[1,3],"3":[13,4]},"_coverageSchema":"1a1c01bbd47fc00a2c39e90264f33305004495a9","hash":"243f81b09d079e27e3fdc1df8b348416f2c7193e"}
,"C:\\Users\\jainr\\OneDrive\\Desktop\\Nameste React\\src\\app\\header.js": {"path":"C:\\Users\\jainr\\OneDrive\\Desktop\\Nameste React\\src\\app\\header.js","statementMap":{"0":{"start":{"line":7,"column":22},"end":{"line":38,"column":1}},"1":{"start":{"line":8,"column":15},"end":{"line":8,"column":55}},"2":{"start":{"line":8,"column":38},"end":{"line":8,"column":54}},"3":{"start":{"line":10,"column":23},"end":{"line":10,"column":40}},"4":{"start":{"line":11,"column":2},"end":{"line":37,"column":4}}},"fnMap":{"0":{"name":"(anonymous_0)","decl":{"start":{"line":7,"column":22},"end":{"line":7,"column":23}},"loc":{"start":{"line":7,"column":28},"end":{"line":38,"column":1}},"line":7},"1":{"name":"(anonymous_1)","decl":{"start":{"line":8,"column":27},"end":{"line":8,"column":28}},"loc":{"start":{"line":8,"column":38},"end":{"line":8,"column":54}},"line":8}},"branchMap":{"0":{"loc":{"start":{"line":20,"column":13},"end":{"line":20,"column":53}},"type":"cond-expr","locations":[{"start":{"line":20,"column":28},"end":{"line":20,"column":39}},{"start":{"line":20,"column":42},"end":{"line":20,"column":53}}],"line":20}},"s":{"0":1,"1":1,"2":2,"3":1,"4":1},"f":{"0":1,"1":2},"b":{"0":[1,0]},"_coverageSchema":"1a1c01bbd47fc00a2c39e90264f33305004495a9","hash":"6782cc1b1c44e7f5078e903960671a835865feeb"}
,"C:\\Users\\jainr\\OneDrive\\Desktop\\Nameste React\\src\\app\\restrauntCard.js": {"path":"C:\\Users\\jainr\\OneDrive\\Desktop\\Nameste React\\src\\app\\restrauntCard.js","statementMap":{"0":{"start":{"line":4,"column":29},"end":{"line":30,"column":1}},"1":{"start":{"line":5,"column":22},"end":{"line":5,"column":27}},"2":{"start":{"line":6,"column":2},"end":{"line":29,"column":4}},"3":{"start":{"line":32,"column":32},"end":{"line":41,"column":1}},"4":{"start":{"line":33,"column":2},"end":{"line":40,"column":4}},"5":{"start":{"line":34,"column":4},"end":{"line":39,"column":6}}},"fnMap":{"0":{"name":"(anonymous_0)","decl":{"start":{"line":4,"column":29},"end":{"line":4,"column":30}},"loc":{"start":{"line":4,"column":40},"end":{"line":30,"column":1}},"line":4},"1":{"name":"(anonymous_1)","decl":{"start":{"line":32,"column":32},"end":{"line":32,"column":33}},"loc":{"start":{"line":32,"column":51},"end":{"line":41,"column":1}},"line":32},"2":{"name":"(anonymous_2)","decl":{"start":{"line":33,"column":9},"end":{"line":33,"column":10}},"loc":{"start":{"line":33,"column":20},"end":{"line":40,"column":3}},"line":33}},"branchMap":{},"s":{"0":2,"1":19,"2":19,"3":2,"4":5,"5":5},"f":{"0":19,"1":5,"2":5},"b":{},"_coverageSchema":"1a1c01bbd47fc00a2c39e90264f33305004495a9","hash":"ca52a9487718de54ca676bb1f05429a18eefa90c"}
,"C:\\Users\\jainr\\OneDrive\\Desktop\\Nameste React\\src\\components\\Contact.js": {"path":"C:\\Users\\jainr\\OneDrive\\Desktop\\Nameste React\\src\\components\\Contact.js","statementMap":{"0":{"start":{"line":2,"column":16},"end":{"line":14,"column":3}},"1":{"start":{"line":3,"column":4},"end":{"line":13,"column":6}}},"fnMap":{"0":{"name":"(anonymous_0)","decl":{"start":{"line":2,"column":16},"end":{"line":2,"column":17}},"loc":{"start":{"line":2,"column":22},"end":{"line":14,"column":3}},"line":2}},"branchMap":{},"s":{"0":1,"1":3},"f":{"0":3},"b":{},"_coverageSchema":"1a1c01bbd47fc00a2c39e90264f33305004495a9","hash":"886a3a58d87e5fbcb03f90286ec3769a3b0d527b"}
,"C:\\Users\\jainr\\OneDrive\\Desktop\\Nameste React\\src\\store\\appStore.js": {"path":"C:\\Users\\jainr\\OneDrive\\Desktop\\Nameste React\\src\\store\\appStore.js","statementMap":{"0":{"start":{"line":4,"column":17},"end":{"line":8,"column":2}}},"fnMap":{},"branchMap":{},"s":{"0":1},"f":{},"b":{},"_coverageSchema":"1a1c01bbd47fc00a2c39e90264f33305004495a9","hash":"2b8526145a4a4641ee0046a258e3409a554ecbed"}
}
