TN:
SF:src\app\body.js
FN:8,(anonymous_0)
FN:16,(anonymous_1)
FN:22,(anonymous_2)
FN:77,(anonymous_3)
FN:81,(anonymous_4)
FN:82,(anonymous_5)
FN:92,(anonymous_6)
FN:94,(anonymous_7)
FN:104,(anonymous_8)
FNF:9
FNH:7
FNDA:4,(anonymous_0)
FNDA:1,(anonymous_1)
FNDA:1,(anonymous_2)
FNDA:1,(anonymous_3)
FNDA:1,(anonymous_4)
FNDA:8,(anonymous_5)
FNDA:0,(anonymous_6)
FNDA:0,(anonymous_7)
FNDA:17,(anonymous_8)
DA:8,1
DA:9,4
DA:10,4
DA:11,4
DA:12,4
DA:14,4
DA:16,4
DA:17,1
DA:20,4
DA:22,4
DA:23,1
DA:26,1
DA:29,1
DA:31,1
DA:32,1
DA:62,4
DA:63,0
DA:66,4
DA:77,1
DA:82,1
DA:83,8
DA:85,1
DA:93,0
DA:94,0
DA:96,0
DA:106,17
LF:26
LH:22
BRDA:29,0,0,1
BRDA:29,0,1,0
BRDA:62,1,0,0
BRDA:62,1,1,4
BRDA:66,2,0,1
BRDA:66,2,1,3
BRDA:107,3,0,13
BRDA:107,3,1,4
BRF:8
BRH:6
end_of_record
TN:
SF:src\app\header.js
FN:7,(anonymous_0)
FN:8,(anonymous_1)
FNF:2
FNH:2
FNDA:1,(anonymous_0)
FNDA:2,(anonymous_1)
DA:7,1
DA:8,2
DA:10,1
DA:11,1
LF:4
LH:4
BRDA:20,0,0,1
BRDA:20,0,1,0
BRF:2
BRH:1
end_of_record
TN:
SF:src\app\restrauntCard.js
FN:4,(anonymous_0)
FN:32,(anonymous_1)
FN:33,(anonymous_2)
FNF:3
FNH:3
FNDA:19,(anonymous_0)
FNDA:5,(anonymous_1)
FNDA:5,(anonymous_2)
DA:4,2
DA:5,19
DA:6,19
DA:32,2
DA:33,5
DA:34,5
LF:6
LH:6
BRF:0
BRH:0
end_of_record
TN:
SF:src\components\Contact.js
FN:2,(anonymous_0)
FNF:1
FNH:1
FNDA:3,(anonymous_0)
DA:2,1
DA:3,3
LF:2
LH:2
BRF:0
BRH:0
end_of_record
TN:
SF:src\store\appStore.js
FNF:0
FNH:0
DA:4,1
LF:1
LH:1
BRF:0
BRH:0
end_of_record
